Using pre-set license
Built from '2021.3/china_unity/release' branch; Version is '2021.3.0f1c1 (c833db084d5b) revision 13120475'; Using compiler version '192829333'; Build Type 'Release'
OS: 'Windows 10  (10.0.19044) 64bit Professional' Language: 'zh' Physical Memory: 16242 MB
BatchMode: 1, IsHumanControllingUs: 0, StartBugReporterOnCrash: 0, Is64bit: 1, IsPro: 1

COMMAND LINE ARGUMENTS:
C:\Program Files\Unity\Hub\Editor\2021.3.0f1c1\Editor\Unity.exe
-adb2
-batchMode
-noUpm
-name
AssetImportWorker1
-projectPath
D:/unity/project/Battle of the monster tamer
-logFile
Logs/AssetImportWorker1.log
-srvPort
14057
Successfully changed project path to: D:/unity/project/Battle of the monster tamer
D:/unity/project/Battle of the monster tamer
[UnityMemory] Configuration Parameters - Can be set up in boot.config
    "memorysetup-bucket-allocator-granularity=16"
    "memorysetup-bucket-allocator-bucket-count=8"
    "memorysetup-bucket-allocator-block-size=33554432"
    "memorysetup-bucket-allocator-block-count=8"
    "memorysetup-main-allocator-block-size=16777216"
    "memorysetup-thread-allocator-block-size=16777216"
    "memorysetup-gfx-main-allocator-block-size=16777216"
    "memorysetup-gfx-thread-allocator-block-size=16777216"
    "memorysetup-cache-allocator-block-size=4194304"
    "memorysetup-typetree-allocator-block-size=2097152"
    "memorysetup-profiler-bucket-allocator-granularity=16"
    "memorysetup-profiler-bucket-allocator-bucket-count=8"
    "memorysetup-profiler-bucket-allocator-block-size=33554432"
    "memorysetup-profiler-bucket-allocator-block-count=8"
    "memorysetup-profiler-allocator-block-size=16777216"
    "memorysetup-profiler-editor-allocator-block-size=1048576"
    "memorysetup-temp-allocator-size-main=16777216"
    "memorysetup-job-temp-allocator-block-size=2097152"
    "memorysetup-job-temp-allocator-block-size-background=1048576"
    "memorysetup-job-temp-allocator-reduction-small-platforms=262144"
    "memorysetup-temp-allocator-size-background-worker=32768"
    "memorysetup-temp-allocator-size-job-worker=262144"
    "memorysetup-temp-allocator-size-preload-manager=33554432"
    "memorysetup-temp-allocator-size-nav-mesh-worker=65536"
    "memorysetup-temp-allocator-size-audio-worker=65536"
    "memorysetup-temp-allocator-size-cloud-worker=32768"
    "memorysetup-temp-allocator-size-gi-baking-worker=262144"
    "memorysetup-temp-allocator-size-gfx=262144"
AS: AutoStreaming module initializing.
Refreshing native plugins compatible for Editor in 144.86 ms, found 4 plugins.
Preloading 0 native plugins for Editor in 0.00 ms.
Initialize engine version: 2021.3.0f1c1 (c833db084d5b)
[Subsystems] Discovering subsystems at path C:/Program Files/Unity/Hub/Editor/2021.3.0f1c1/Editor/Data/Resources/UnitySubsystems
[Subsystems] Discovering subsystems at path D:/unity/project/Battle of the monster tamer/Assets
GfxDevice: creating device client; threaded=0; jobified=0
Direct3D:
    Version:  Direct3D 11.0 [level 11.1]
    Renderer: NVIDIA GeForce GTX 1650 (ID=0x1f91)
    Vendor:   NVIDIA
    VRAM:     3962 MB
    Driver:   30.0.15.1289
Initialize mono
Mono path[0] = 'C:/Program Files/Unity/Hub/Editor/2021.3.0f1c1/Editor/Data/Managed'
Mono path[1] = 'C:/Program Files/Unity/Hub/Editor/2021.3.0f1c1/Editor/Data/MonoBleedingEdge/lib/mono/unityjit-win32'
Mono config path = 'C:/Program Files/Unity/Hub/Editor/2021.3.0f1c1/Editor/Data/MonoBleedingEdge/etc'
Using monoOptions --debugger-agent=transport=dt_socket,embedding=1,server=y,suspend=n,address=127.0.0.1:56620
Begin MonoManager ReloadAssembly
Registering precompiled unity dll's ...
Register platform support module: C:/Program Files/Unity/Hub/Editor/2021.3.0f1c1/Editor/Data/PlaybackEngines/WindowsStandaloneSupport/UnityEditor.WindowsStandalone.Extensions.dll
Registered in 0.007821 seconds.
Native extension for WindowsStandalone target not found
Refreshing native plugins compatible for Editor in 140.45 ms, found 4 plugins.
Preloading 0 native plugins for Editor in 0.00 ms.
Mono: successfully reloaded assembly
- Completed reload, in  0.809 seconds
Domain Reload Profiling:
	ReloadAssembly (809ms)
		BeginReloadAssembly (84ms)
			ExecutionOrderSort (0ms)
			DisableScriptedObjects (0ms)
			BackupInstance (0ms)
			ReleaseScriptingObjects (0ms)
			CreateAndSetChildDomain (1ms)
		EndReloadAssembly (603ms)
			LoadAssemblies (79ms)
			RebuildTransferFunctionScriptingTraits (0ms)
			SetupTypeCache (111ms)
			ReleaseScriptCaches (0ms)
			RebuildScriptCaches (33ms)
			SetupLoadedEditorAssemblies (399ms)
				LogAssemblyErrors (0ms)
				InitializePlatformSupportModulesInManaged (9ms)
				SetLoadedEditorAssemblies (0ms)
				RefreshPlugins (141ms)
				BeforeProcessingInitializeOnLoad (1ms)
				ProcessInitializeOnLoadAttributes (149ms)
				ProcessInitializeOnLoadMethodAttributes (100ms)
				AfterProcessingInitializeOnLoad (0ms)
				EditorAssembliesLoaded (0ms)
			ExecutionOrderSort2 (0ms)
			AwakeInstancesAfterBackupRestoration (0ms)
Platform modules already initialized, skipping
Registering precompiled user dll's ...
Registered in 0.012478 seconds.
Begin MonoManager ReloadAssembly
Symbol file LoadedFromMemory doesn't match image D:\unity\project\Battle of the monster tamer\Library\PackageCache\com.unity.visualscripting@1.7.6\Editor\VisualScripting.Core\Dependencies\YamlDotNet\Unity.VisualScripting.YamlDotNet.dll
Symbol file LoadedFromMemory is not a mono symbol file
Symbol file LoadedFromMemory doesn't match image D:\unity\project\Battle of the monster tamer\Library\PackageCache\com.unity.visualscripting@1.7.6\Editor\VisualScripting.Core\Dependencies\DotNetZip\Unity.VisualScripting.IonicZip.dll
Native extension for WindowsStandalone target not found
Refreshing native plugins compatible for Editor in 128.32 ms, found 4 plugins.
Preloading 0 native plugins for Editor in 0.00 ms.
Mono: successfully reloaded assembly
- Completed reload, in  1.503 seconds
Domain Reload Profiling:
	ReloadAssembly (1504ms)
		BeginReloadAssembly (135ms)
			ExecutionOrderSort (0ms)
			DisableScriptedObjects (6ms)
			BackupInstance (0ms)
			ReleaseScriptingObjects (0ms)
			CreateAndSetChildDomain (21ms)
		EndReloadAssembly (1242ms)
			LoadAssemblies (114ms)
			RebuildTransferFunctionScriptingTraits (0ms)
			SetupTypeCache (294ms)
			ReleaseScriptCaches (1ms)
			RebuildScriptCaches (114ms)
			SetupLoadedEditorAssemblies (624ms)
				LogAssemblyErrors (0ms)
				InitializePlatformSupportModulesInManaged (5ms)
				SetLoadedEditorAssemblies (0ms)
				RefreshPlugins (128ms)
				BeforeProcessingInitializeOnLoad (125ms)
				ProcessInitializeOnLoadAttributes (233ms)
				ProcessInitializeOnLoadMethodAttributes (118ms)
				AfterProcessingInitializeOnLoad (13ms)
				EditorAssembliesLoaded (0ms)
			ExecutionOrderSort2 (0ms)
			AwakeInstancesAfterBackupRestoration (9ms)
Platform modules already initialized, skipping
========================================================================
Worker process is ready to serve import requests
Launched and connected shader compiler UnityShaderCompiler.exe after 0.05 seconds
Refreshing native plugins compatible for Editor in 0.87 ms, found 4 plugins.
Preloading 0 native plugins for Editor in 0.00 ms.
Unloading 5361 Unused Serialized files (Serialized files now loaded: 0)
Unloading 43 unused Assets / (0.8 MB). Loaded Objects now: 5838.
Memory consumption went from 232.9 MB to 232.1 MB.
Total: 3.953400 ms (FindLiveObjects: 0.423800 ms CreateObjectMapping: 0.299300 ms MarkObjects: 2.908400 ms  DeleteObjects: 0.321100 ms)

AssetImportParameters requested are different than current active one (requested -> active):
  custom:video-decoder-ogg-theora: a1e56fd34408186e4bbccfd4996cb3dc -> 
  custom:container-muxer-webm: aa71ff27fc2769a1b78a27578f13a17b -> 
  custom:container-demuxer-webm: 4f35f7cbe854078d1ac9338744f61a02 -> 
  custom:video-encoder-webm-vp8: eb34c28f22e8b96e1ab97ce403110664 -> 
  custom:audio-encoder-webm-vorbis: bf7c407c2cedff20999df2af8eb42d56 -> 
  custom:framework-win-MediaFoundation: 216162199b28c13a410421893ffa2e32 -> 
  custom:container-demuxer-ogg: 62fdf1f143b41e24485cea50d1cbac27 -> 
  custom:video-decoder-webm-vp8: 9c59270c3fd7afecdb556c50c9e8de78 -> 
  custom:audio-decoder-ogg-vorbis: bf7c407c2cedff20999df2af8eb42d56 -> 
========================================================================
Received Prepare
Registering precompiled user dll's ...
Registered in 0.015449 seconds.
Begin MonoManager ReloadAssembly
Symbol file LoadedFromMemory doesn't match image D:\unity\project\Battle of the monster tamer\Library\PackageCache\com.unity.visualscripting@1.7.6\Editor\VisualScripting.Core\Dependencies\YamlDotNet\Unity.VisualScripting.YamlDotNet.dll
Symbol file LoadedFromMemory is not a mono symbol file
Symbol file LoadedFromMemory doesn't match image D:\unity\project\Battle of the monster tamer\Library\PackageCache\com.unity.visualscripting@1.7.6\Editor\VisualScripting.Core\Dependencies\DotNetZip\Unity.VisualScripting.IonicZip.dll
Native extension for WindowsStandalone target not found
Refreshing native plugins compatible for Editor in 1.00 ms, found 4 plugins.
Preloading 0 native plugins for Editor in 0.00 ms.
Mono: successfully reloaded assembly
- Completed reload, in  1.434 seconds
Domain Reload Profiling:
	ReloadAssembly (1434ms)
		BeginReloadAssembly (153ms)
			ExecutionOrderSort (0ms)
			DisableScriptedObjects (7ms)
			BackupInstance (0ms)
			ReleaseScriptingObjects (0ms)
			CreateAndSetChildDomain (40ms)
		EndReloadAssembly (1169ms)
			LoadAssemblies (109ms)
			RebuildTransferFunctionScriptingTraits (0ms)
			SetupTypeCache (291ms)
			ReleaseScriptCaches (2ms)
			RebuildScriptCaches (82ms)
			SetupLoadedEditorAssemblies (597ms)
				LogAssemblyErrors (0ms)
				InitializePlatformSupportModulesInManaged (19ms)
				SetLoadedEditorAssemblies (1ms)
				RefreshPlugins (1ms)
				BeforeProcessingInitializeOnLoad (132ms)
				ProcessInitializeOnLoadAttributes (291ms)
				ProcessInitializeOnLoadMethodAttributes (133ms)
				AfterProcessingInitializeOnLoad (20ms)
				EditorAssembliesLoaded (0ms)
			ExecutionOrderSort2 (0ms)
			AwakeInstancesAfterBackupRestoration (13ms)
Platform modules already initialized, skipping
Refreshing native plugins compatible for Editor in 2.92 ms, found 4 plugins.
Preloading 0 native plugins for Editor in 0.00 ms.
Unloading 5272 Unused Serialized files (Serialized files now loaded: 0)
Unloading 31 unused Assets / (0.8 MB). Loaded Objects now: 5841.
Memory consumption went from 224.6 MB to 223.8 MB.
Total: 4.389300 ms (FindLiveObjects: 0.608200 ms CreateObjectMapping: 0.384000 ms MarkObjects: 3.046900 ms  DeleteObjects: 0.348900 ms)

AssetImportParameters requested are different than current active one (requested -> active):
  custom:video-decoder-ogg-theora: a1e56fd34408186e4bbccfd4996cb3dc -> 
  custom:container-muxer-webm: aa71ff27fc2769a1b78a27578f13a17b -> 
  custom:container-demuxer-webm: 4f35f7cbe854078d1ac9338744f61a02 -> 
  custom:video-encoder-webm-vp8: eb34c28f22e8b96e1ab97ce403110664 -> 
  custom:audio-encoder-webm-vorbis: bf7c407c2cedff20999df2af8eb42d56 -> 
  custom:framework-win-MediaFoundation: 216162199b28c13a410421893ffa2e32 -> 
  custom:container-demuxer-ogg: 62fdf1f143b41e24485cea50d1cbac27 -> 
  custom:video-decoder-webm-vp8: 9c59270c3fd7afecdb556c50c9e8de78 -> 
  custom:audio-decoder-ogg-vorbis: bf7c407c2cedff20999df2af8eb42d56 -> 
========================================================================
Received Import Request.
  Time since last request: 522816.551936 seconds.
  path: Assets/Resources/Models/LowpolyForestPack/Trees/SpruceTree2.fbx
  artifactKey: Guid(0cd2d9d5993ff7f44a3590e19acece48) Importer(815301076,1909f56bfc062723c751e8b465ee728b)
Start importing Assets/Resources/Models/LowpolyForestPack/Trees/SpruceTree2.fbx using Guid(0cd2d9d5993ff7f44a3590e19acece48) Importer(815301076,1909f56bfc062723c751e8b465ee728b)  -> (artifact id: 'c87df89433862029d7af40ca427a1408') in 0.161951 seconds 
========================================================================
Received Import Request.
  Time since last request: 21.009112 seconds.
  path: Assets/Resources/Prefabs/Wood/2.prefab
  artifactKey: Guid(2f36c2dbf9a38bb4293da25c7588de2b) Importer(815301076,1909f56bfc062723c751e8b465ee728b)
Start importing Assets/Resources/Prefabs/Wood/2.prefab using Guid(2f36c2dbf9a38bb4293da25c7588de2b) Importer(815301076,1909f56bfc062723c751e8b465ee728b)  -> (artifact id: '86f608ee84405ac92f933b7260714abb') in 0.024731 seconds 
========================================================================
Received Import Request.
  Time since last request: 154.923455 seconds.
  path: Assets/Resources/Sprites/Map/LordsMap/Lords_DirtGrass/Lords_DirtGrass.jpg
  artifactKey: Guid(7edfd0112e0ac8b4eac7568e8e9f7b45) Importer(815301076,1909f56bfc062723c751e8b465ee728b)
Start importing Assets/Resources/Sprites/Map/LordsMap/Lords_DirtGrass/Lords_DirtGrass.jpg using Guid(7edfd0112e0ac8b4eac7568e8e9f7b45) Importer(815301076,1909f56bfc062723c751e8b465ee728b)  -> (artifact id: '9c249f28c2bb91fe7907e65e36184338') in 0.103892 seconds 
========================================================================
Received Import Request.
  Time since last request: 0.000030 seconds.
  path: Assets/Resources/Sprites/Map/LordsMap/Lords_Grass/images/Lords_Grass_04.png
  artifactKey: Guid(4b96b5f214023fc43a46271155404fa7) Importer(815301076,1909f56bfc062723c751e8b465ee728b)
Start importing Assets/Resources/Sprites/Map/LordsMap/Lords_Grass/images/Lords_Grass_04.png using Guid(4b96b5f214023fc43a46271155404fa7) Importer(815301076,1909f56bfc062723c751e8b465ee728b)  -> (artifact id: '2ea940dae0691c0623336d34451531be') in 0.031156 seconds 
========================================================================
Received Import Request.
  Time since last request: 0.000049 seconds.
  path: Assets/Resources/Sprites/Map/LordsMap/Lords_Grass/images/Lords_Grass_03.png
  artifactKey: Guid(8a12dee59825493468b81d34ab21363a) Importer(815301076,1909f56bfc062723c751e8b465ee728b)
Start importing Assets/Resources/Sprites/Map/LordsMap/Lords_Grass/images/Lords_Grass_03.png using Guid(8a12dee59825493468b81d34ab21363a) Importer(815301076,1909f56bfc062723c751e8b465ee728b)  -> (artifact id: 'fa15d97a882d403587a408e7ac9a5779') in 0.026241 seconds 
========================================================================
Received Import Request.
  Time since last request: 0.000050 seconds.
  path: Assets/Resources/Sprites/Map/test.png
  artifactKey: Guid(0676264493fafed45b85b961c4893a40) Importer(815301076,1909f56bfc062723c751e8b465ee728b)
Start importing Assets/Resources/Sprites/Map/test.png using Guid(0676264493fafed45b85b961c4893a40) Importer(815301076,1909f56bfc062723c751e8b465ee728b)  -> (artifact id: '5d9485a41bf3a05d12f0a640f8e70077') in 0.032269 seconds 
========================================================================
Received Import Request.
  Time since last request: 0.000046 seconds.
  path: Assets/Resources/Sprites/Map/LordsMap/Lords_Grass/images/Lords_Grass_0_16.png
  artifactKey: Guid(a30d32cc6e1449546b8ffed2f6d19015) Importer(815301076,1909f56bfc062723c751e8b465ee728b)
Start importing Assets/Resources/Sprites/Map/LordsMap/Lords_Grass/images/Lords_Grass_0_16.png using Guid(a30d32cc6e1449546b8ffed2f6d19015) Importer(815301076,1909f56bfc062723c751e8b465ee728b)  -> (artifact id: 'e47e5f5b0f66a5116ffbd735dea778c9') in 0.029659 seconds 
========================================================================
Received Import Request.
  Time since last request: 0.000030 seconds.
  path: Assets/Resources/Sprites/Map/LordsMap/Lords_Grass/images/Lords_Grass_0_07.png
  artifactKey: Guid(3e5570c65272a3f43b1ab963ca3b6136) Importer(815301076,1909f56bfc062723c751e8b465ee728b)
Start importing Assets/Resources/Sprites/Map/LordsMap/Lords_Grass/images/Lords_Grass_0_07.png using Guid(3e5570c65272a3f43b1ab963ca3b6136) Importer(815301076,1909f56bfc062723c751e8b465ee728b)  -> (artifact id: '221ef511710a58942f34e4ccc4dc140e') in 0.034388 seconds 
========================================================================
Received Import Request.
  Time since last request: 0.000025 seconds.
  path: Assets/Resources/Sprites/Map/LordsMap/Lords_Grass/images/Lords_Grass_10.png
  artifactKey: Guid(3dc1a788a02e00f439b4fb17eb899813) Importer(815301076,1909f56bfc062723c751e8b465ee728b)
Start importing Assets/Resources/Sprites/Map/LordsMap/Lords_Grass/images/Lords_Grass_10.png using Guid(3dc1a788a02e00f439b4fb17eb899813) Importer(815301076,1909f56bfc062723c751e8b465ee728b)  -> (artifact id: 'fda3c98af721fb7215320295541e6523') in 0.030248 seconds 
========================================================================
Received Import Request.
  Time since last request: 0.000056 seconds.
  path: Assets/Resources/Sprites/Map/LordsMap/Lords_Grass/images/Lords_Grass_06.png
  artifactKey: Guid(d2a1ad71c6cad6f479d3c6af888bf79e) Importer(815301076,1909f56bfc062723c751e8b465ee728b)
Start importing Assets/Resources/Sprites/Map/LordsMap/Lords_Grass/images/Lords_Grass_06.png using Guid(d2a1ad71c6cad6f479d3c6af888bf79e) Importer(815301076,1909f56bfc062723c751e8b465ee728b)  -> (artifact id: '0ff2e2acca37e585c3bb2ee2703d5625') in 0.030827 seconds 
========================================================================
Received Import Request.
  Time since last request: 0.000026 seconds.
  path: Assets/Resources/Sprites/Map/LordsMap/Lords_Grass/images/Lords_Grass_0_12.png
  artifactKey: Guid(bd5b444b1069a324a8d79ec552ab965c) Importer(815301076,1909f56bfc062723c751e8b465ee728b)
Start importing Assets/Resources/Sprites/Map/LordsMap/Lords_Grass/images/Lords_Grass_0_12.png using Guid(bd5b444b1069a324a8d79ec552ab965c) Importer(815301076,1909f56bfc062723c751e8b465ee728b)  -> (artifact id: 'aaa5a60adffc36a0c550abee871ddb2e') in 0.027930 seconds 
========================================================================
Received Import Request.
  Time since last request: 0.000028 seconds.
  path: Assets/Resources/Sprites/Map/LordsMap/Lords_Grass/images/Lords_Grass_12.png
  artifactKey: Guid(e60eb8bbc13ddb04fa1d8f72642033f4) Importer(815301076,1909f56bfc062723c751e8b465ee728b)
Start importing Assets/Resources/Sprites/Map/LordsMap/Lords_Grass/images/Lords_Grass_12.png using Guid(e60eb8bbc13ddb04fa1d8f72642033f4) Importer(815301076,1909f56bfc062723c751e8b465ee728b)  -> (artifact id: '2a0be1535e182dbf88f13bd71f655f26') in 0.032839 seconds 
========================================================================
Received Import Request.
  Time since last request: 0.000040 seconds.
  path: Assets/Resources/Sprites/Map/LordsMap/Lords_Grass/images/Lords_Grass_0_08.png
  artifactKey: Guid(f7c9f9723622e444eb109c4a1b0b4b64) Importer(815301076,1909f56bfc062723c751e8b465ee728b)
Start importing Assets/Resources/Sprites/Map/LordsMap/Lords_Grass/images/Lords_Grass_0_08.png using Guid(f7c9f9723622e444eb109c4a1b0b4b64) Importer(815301076,1909f56bfc062723c751e8b465ee728b)  -> (artifact id: 'a976459560aa91edbeb67ac257ea0d1f') in 0.029402 seconds 
========================================================================
Received Import Request.
  Time since last request: 0.000029 seconds.
  path: Assets/Resources/Sprites/Map/LordsMap/Lords_Grass/images/Lords_Grass_05.png
  artifactKey: Guid(29101f73a076a404ba6d96420553d037) Importer(815301076,1909f56bfc062723c751e8b465ee728b)
Start importing Assets/Resources/Sprites/Map/LordsMap/Lords_Grass/images/Lords_Grass_05.png using Guid(29101f73a076a404ba6d96420553d037) Importer(815301076,1909f56bfc062723c751e8b465ee728b)  -> (artifact id: '4e89618261c4376486e75f740c5972c8') in 0.027924 seconds 
========================================================================
Received Import Request.
  Time since last request: 0.000022 seconds.
  path: Assets/Resources/Sprites/Map/LordsMap/Lords_Grass/images/Lords_Grass_08.png
  artifactKey: Guid(ead751cad36163e47babad0b06b66652) Importer(815301076,1909f56bfc062723c751e8b465ee728b)
Start importing Assets/Resources/Sprites/Map/LordsMap/Lords_Grass/images/Lords_Grass_08.png using Guid(ead751cad36163e47babad0b06b66652) Importer(815301076,1909f56bfc062723c751e8b465ee728b)  -> (artifact id: '9cb6ad1cd1fe22ca233c9befda8d4c97') in 0.030306 seconds 
========================================================================
Received Import Request.
  Time since last request: 0.000042 seconds.
  path: Assets/Resources/Sprites/Map/LordsMap/Lords_Grass/images/Lords_Grass_16.png
  artifactKey: Guid(b6e0349683146b548b0098a767452846) Importer(815301076,1909f56bfc062723c751e8b465ee728b)
Start importing Assets/Resources/Sprites/Map/LordsMap/Lords_Grass/images/Lords_Grass_16.png using Guid(b6e0349683146b548b0098a767452846) Importer(815301076,1909f56bfc062723c751e8b465ee728b)  -> (artifact id: 'ddf0294916a2badd06a503b070b613d7') in 0.029536 seconds 
========================================================================
Received Import Request.
  Time since last request: 0.000021 seconds.
  path: Assets/Resources/Sprites/Map/LordsMap/Lords_Grass/Lords_Grass.png
  artifactKey: Guid(8c49606d6e3248a47bc1782c6beb83fc) Importer(815301076,1909f56bfc062723c751e8b465ee728b)
Start importing Assets/Resources/Sprites/Map/LordsMap/Lords_Grass/Lords_Grass.png using Guid(8c49606d6e3248a47bc1782c6beb83fc) Importer(815301076,1909f56bfc062723c751e8b465ee728b)  -> (artifact id: '9884749e010553c8fd6a4f59956c0bbd') in 0.208424 seconds 
========================================================================
Received Import Request.
  Time since last request: 0.000038 seconds.
  path: Assets/Resources/Sprites/Map/LordsMap/Lords_Grass/images/Lords_Grass_14.png
  artifactKey: Guid(3b002396f20d2e246b5f98b697311020) Importer(815301076,1909f56bfc062723c751e8b465ee728b)
Start importing Assets/Resources/Sprites/Map/LordsMap/Lords_Grass/images/Lords_Grass_14.png using Guid(3b002396f20d2e246b5f98b697311020) Importer(815301076,1909f56bfc062723c751e8b465ee728b)  -> (artifact id: 'a8a8cd8932abeb4cca303c2006e7b99c') in 0.027387 seconds 
========================================================================
Received Import Request.
  Time since last request: 0.000039 seconds.
  path: Assets/Resources/Sprites/Map/LordsMap/Lords_Grass/images/Lords_Grass_0_14.png
  artifactKey: Guid(b66ac0032e8779e4f920c677b4411709) Importer(815301076,1909f56bfc062723c751e8b465ee728b)
Start importing Assets/Resources/Sprites/Map/LordsMap/Lords_Grass/images/Lords_Grass_0_14.png using Guid(b66ac0032e8779e4f920c677b4411709) Importer(815301076,1909f56bfc062723c751e8b465ee728b)  -> (artifact id: '0d4f8a460f63716a10c0f0b358b35000') in 0.028936 seconds 
Editor requested this worker to shutdown with reason: Scaling down because of idle timeout
AssetImportWorker is now disconnected from the server
Process exiting
Exiting without the bug reporter. Application will terminate with return code 0